<?xml version="1.0" encoding="UTF-8"?>
<!-- Generated by org.testng.reporters.JUnitReportReporter -->
<testsuite skipped="0" hostname="DESKTOP-S76DE4I" name="runner.TestRunner" tests="1" failures="0" timestamp="10 May 2018 19:46:53 GMT" time="95.009" errors="0">
  <testcase name="feature" time="95.009" classname="runner.TestRunner"/>
</testsuite> <!-- runner.TestRunner -->
